wandb: Starting wandb agent üïµÔ∏è
2025-02-21 12:56:13,673 - wandb.wandb_agent - INFO - Running runs: []
2025-02-21 12:56:13,879 - wandb.wandb_agent - INFO - Agent received command: run
2025-02-21 12:56:13,880 - wandb.wandb_agent - INFO - Agent starting run with config:
	data_name: MNIST1D
	model_yaml: model_yaml/Variable_Sparsity0.yml
	sweep_id: 1
2025-02-21 12:56:13,880 - wandb.wandb_agent - INFO - About to run command: /usr/bin/env python print_arg.py --data_name=MNIST1D --model_yaml=model_yaml/Variable_Sparsity0.yml --sweep_id=1
['print_arg.py', '--data_name=MNIST1D', '--model_yaml=model_yaml/Variable_Sparsity0.yml', '--sweep_id=1']
2025-02-21 12:56:18,891 - wandb.wandb_agent - INFO - Running runs: ['xirc8biq']
2025-02-21 12:56:18,891 - wandb.wandb_agent - INFO - Cleaning up finished run: xirc8biq
2025-02-21 12:56:19,166 - wandb.wandb_agent - INFO - Agent received command: run
2025-02-21 12:56:19,166 - wandb.wandb_agent - INFO - Agent starting run with config:
	data_name: MNIST1D
	model_yaml: model_yaml/Variable_Sparsity0.yml
	sweep_id: 2
2025-02-21 12:56:19,167 - wandb.wandb_agent - INFO - About to run command: /usr/bin/env python print_arg.py --data_name=MNIST1D --model_yaml=model_yaml/Variable_Sparsity0.yml --sweep_id=2
['print_arg.py', '--data_name=MNIST1D', '--model_yaml=model_yaml/Variable_Sparsity0.yml', '--sweep_id=2']
2025-02-21 12:56:24,177 - wandb.wandb_agent - INFO - Running runs: ['835016nr']
2025-02-21 12:56:24,178 - wandb.wandb_agent - INFO - Cleaning up finished run: 835016nr
2025-02-21 12:56:24,381 - wandb.wandb_agent - INFO - Agent received command: run
2025-02-21 12:56:24,381 - wandb.wandb_agent - INFO - Agent starting run with config:
	data_name: MNIST1D
	model_yaml: model_yaml/Variable_Sparsity0.yml
	sweep_id: 3
2025-02-21 12:56:24,381 - wandb.wandb_agent - INFO - About to run command: /usr/bin/env python print_arg.py --data_name=MNIST1D --model_yaml=model_yaml/Variable_Sparsity0.yml --sweep_id=3
['print_arg.py', '--data_name=MNIST1D', '--model_yaml=model_yaml/Variable_Sparsity0.yml', '--sweep_id=3']
2025-02-21 12:56:29,392 - wandb.wandb_agent - INFO - Running runs: ['v1iw8cfh']
2025-02-21 12:56:29,392 - wandb.wandb_agent - INFO - Cleaning up finished run: v1iw8cfh
2025-02-21 12:56:29,556 - wandb.wandb_agent - INFO - Agent received command: run
2025-02-21 12:56:29,556 - wandb.wandb_agent - INFO - Agent starting run with config:
	data_name: MNIST1D
	model_yaml: model_yaml/Variable_Sparsity1.yml
	sweep_id: 1
2025-02-21 12:56:29,557 - wandb.wandb_agent - INFO - About to run command: /usr/bin/env python print_arg.py --data_name=MNIST1D --model_yaml=model_yaml/Variable_Sparsity1.yml --sweep_id=1
['print_arg.py', '--data_name=MNIST1D', '--model_yaml=model_yaml/Variable_Sparsity1.yml', '--sweep_id=1']
2025-02-21 12:56:34,568 - wandb.wandb_agent - INFO - Running runs: ['co2wpoh5']
2025-02-21 12:56:34,569 - wandb.wandb_agent - INFO - Cleaning up finished run: co2wpoh5
2025-02-21 12:56:34,785 - wandb.wandb_agent - INFO - Agent received command: run
2025-02-21 12:56:34,785 - wandb.wandb_agent - INFO - Agent starting run with config:
	data_name: MNIST1D
	model_yaml: model_yaml/Variable_Sparsity1.yml
	sweep_id: 2
2025-02-21 12:56:34,786 - wandb.wandb_agent - INFO - About to run command: /usr/bin/env python print_arg.py --data_name=MNIST1D --model_yaml=model_yaml/Variable_Sparsity1.yml --sweep_id=2
['print_arg.py', '--data_name=MNIST1D', '--model_yaml=model_yaml/Variable_Sparsity1.yml', '--sweep_id=2']
2025-02-21 12:56:39,796 - wandb.wandb_agent - INFO - Running runs: ['84y1hxtf']
2025-02-21 12:56:39,797 - wandb.wandb_agent - INFO - Cleaning up finished run: 84y1hxtf
2025-02-21 12:56:40,020 - wandb.wandb_agent - INFO - Agent received command: run
2025-02-21 12:56:40,020 - wandb.wandb_agent - INFO - Agent starting run with config:
	data_name: MNIST1D
	model_yaml: model_yaml/Variable_Sparsity1.yml
	sweep_id: 3
2025-02-21 12:56:40,021 - wandb.wandb_agent - INFO - About to run command: /usr/bin/env python print_arg.py --data_name=MNIST1D --model_yaml=model_yaml/Variable_Sparsity1.yml --sweep_id=3
['print_arg.py', '--data_name=MNIST1D', '--model_yaml=model_yaml/Variable_Sparsity1.yml', '--sweep_id=3']
2025-02-21 12:56:45,031 - wandb.wandb_agent - INFO - Running runs: ['0mwb8i2v']
2025-02-21 12:56:45,032 - wandb.wandb_agent - INFO - Cleaning up finished run: 0mwb8i2v
2025-02-21 12:56:45,281 - wandb.wandb_agent - INFO - Agent received command: run
2025-02-21 12:56:45,281 - wandb.wandb_agent - INFO - Agent starting run with config:
	data_name: MNIST1D
	model_yaml: model_yaml/Variable_Sparsity2.yml
	sweep_id: 1
2025-02-21 12:56:45,282 - wandb.wandb_agent - INFO - About to run command: /usr/bin/env python print_arg.py --data_name=MNIST1D --model_yaml=model_yaml/Variable_Sparsity2.yml --sweep_id=1
['print_arg.py', '--data_name=MNIST1D', '--model_yaml=model_yaml/Variable_Sparsity2.yml', '--sweep_id=1']
2025-02-21 12:56:50,292 - wandb.wandb_agent - INFO - Running runs: ['k7xxyrvh']
2025-02-21 12:56:50,293 - wandb.wandb_agent - INFO - Cleaning up finished run: k7xxyrvh
2025-02-21 12:56:50,492 - wandb.wandb_agent - INFO - Agent received command: run
2025-02-21 12:56:50,492 - wandb.wandb_agent - INFO - Agent starting run with config:
	data_name: MNIST1D
	model_yaml: model_yaml/Variable_Sparsity2.yml
	sweep_id: 2
2025-02-21 12:56:50,493 - wandb.wandb_agent - INFO - About to run command: /usr/bin/env python print_arg.py --data_name=MNIST1D --model_yaml=model_yaml/Variable_Sparsity2.yml --sweep_id=2
['print_arg.py', '--data_name=MNIST1D', '--model_yaml=model_yaml/Variable_Sparsity2.yml', '--sweep_id=2']
2025-02-21 12:56:55,504 - wandb.wandb_agent - INFO - Running runs: ['rp96z4c8']
2025-02-21 12:56:55,506 - wandb.wandb_agent - INFO - Cleaning up finished run: rp96z4c8
2025-02-21 12:56:55,743 - wandb.wandb_agent - INFO - Agent received command: run
2025-02-21 12:56:55,743 - wandb.wandb_agent - INFO - Agent starting run with config:
	data_name: MNIST1D
	model_yaml: model_yaml/Variable_Sparsity2.yml
	sweep_id: 3
2025-02-21 12:56:55,743 - wandb.wandb_agent - INFO - About to run command: /usr/bin/env python print_arg.py --data_name=MNIST1D --model_yaml=model_yaml/Variable_Sparsity2.yml --sweep_id=3
['print_arg.py', '--data_name=MNIST1D', '--model_yaml=model_yaml/Variable_Sparsity2.yml', '--sweep_id=3']
2025-02-21 12:57:00,753 - wandb.wandb_agent - INFO - Running runs: ['toa7fwqw']
2025-02-21 12:57:00,754 - wandb.wandb_agent - INFO - Cleaning up finished run: toa7fwqw
2025-02-21 12:57:00,985 - wandb.wandb_agent - INFO - Agent received command: run
2025-02-21 12:57:00,985 - wandb.wandb_agent - INFO - Agent starting run with config:
	data_name: MNIST1D
	model_yaml: model_yaml/Variable_Sparsity3.yml
	sweep_id: 1
2025-02-21 12:57:00,985 - wandb.wandb_agent - INFO - About to run command: /usr/bin/env python print_arg.py --data_name=MNIST1D --model_yaml=model_yaml/Variable_Sparsity3.yml --sweep_id=1
['print_arg.py', '--data_name=MNIST1D', '--model_yaml=model_yaml/Variable_Sparsity3.yml', '--sweep_id=1']
2025-02-21 12:57:05,995 - wandb.wandb_agent - INFO - Running runs: ['vk12gp1p']
2025-02-21 12:57:05,996 - wandb.wandb_agent - INFO - Cleaning up finished run: vk12gp1p
2025-02-21 12:57:06,289 - wandb.wandb_agent - INFO - Agent received command: run
2025-02-21 12:57:06,289 - wandb.wandb_agent - INFO - Agent starting run with config:
	data_name: MNIST1D
	model_yaml: model_yaml/Variable_Sparsity3.yml
	sweep_id: 2
2025-02-21 12:57:06,290 - wandb.wandb_agent - INFO - About to run command: /usr/bin/env python print_arg.py --data_name=MNIST1D --model_yaml=model_yaml/Variable_Sparsity3.yml --sweep_id=2
['print_arg.py', '--data_name=MNIST1D', '--model_yaml=model_yaml/Variable_Sparsity3.yml', '--sweep_id=2']
2025-02-21 12:57:11,300 - wandb.wandb_agent - INFO - Running runs: ['8je1dm2o']
2025-02-21 12:57:11,300 - wandb.wandb_agent - INFO - Cleaning up finished run: 8je1dm2o
2025-02-21 12:57:11,456 - wandb.wandb_agent - INFO - Agent received command: run
2025-02-21 12:57:11,456 - wandb.wandb_agent - INFO - Agent starting run with config:
	data_name: MNIST1D
	model_yaml: model_yaml/Variable_Sparsity3.yml
	sweep_id: 3
2025-02-21 12:57:11,457 - wandb.wandb_agent - INFO - About to run command: /usr/bin/env python print_arg.py --data_name=MNIST1D --model_yaml=model_yaml/Variable_Sparsity3.yml --sweep_id=3
wandb: Currently logged in as: rcpaffenroth (rcpaffenroth-wpi) to https://api.wandb.ai. Use `wandb login --relogin` to force relogin
wandb: Tracking run with wandb version 0.19.7
wandb: Run data is saved locally in /home/rcpaffenroth/projects/0_core/rcp_wandb/tests/wandb/run-20250221_125712-fabezuzq
wandb: Run `wandb offline` to turn off syncing.
wandb: Syncing run stoic-sweep-12
wandb: ‚≠êÔ∏è View project at https://wandb.ai/rcpaffenroth-wpi/test
wandb: üßπ View sweep at https://wandb.ai/rcpaffenroth-wpi/test/sweeps/m0dgh35y
wandb: üöÄ View run at https://wandb.ai/rcpaffenroth-wpi/test/runs/fabezuzq
['print_arg.py', '--data_name=MNIST1D', '--model_yaml=model_yaml/Variable_Sparsity3.yml', '--sweep_id=3']
wandb: - 0.003 MB of 0.003 MB uploaded2025-02-21 12:57:16,468 - wandb.wandb_agent - INFO - Running runs: ['fabezuzq']
wandb:                                                                                
wandb: üöÄ View run stoic-sweep-12 at: https://wandb.ai/rcpaffenroth-wpi/test/runs/fabezuzq
wandb: ‚≠êÔ∏è View project at: https://wandb.ai/rcpaffenroth-wpi/test
wandb: Synced 5 W&B file(s), 0 media file(s), 0 artifact file(s) and 0 other file(s)
wandb: Find logs at: ./wandb/run-20250221_125712-fabezuzq/logs
wandb: WARNING The legacy backend is deprecated. In future versions, `wandb-core` will become the sole backend service, and the `wandb.require('legacy-service')` flag will be removed. For more information, visit https://wandb.me/wandb-core
2025-02-21 12:57:21,529 - wandb.wandb_agent - INFO - Cleaning up finished run: fabezuzq
2025-02-21 12:57:21,697 - wandb.wandb_agent - INFO - Agent received command: run
2025-02-21 12:57:21,697 - wandb.wandb_agent - INFO - Agent starting run with config:
	data_name: EMlocalization
	model_yaml: model_yaml/Variable_Sparsity0.yml
	sweep_id: 1
2025-02-21 12:57:21,698 - wandb.wandb_agent - INFO - About to run command: /usr/bin/env python print_arg.py --data_name=EMlocalization --model_yaml=model_yaml/Variable_Sparsity0.yml --sweep_id=1
wandb: Currently logged in as: rcpaffenroth (rcpaffenroth-wpi) to https://api.wandb.ai. Use `wandb login --relogin` to force relogin
wandb: Tracking run with wandb version 0.19.7
wandb: Run data is saved locally in /home/rcpaffenroth/projects/0_core/rcp_wandb/tests/wandb/run-20250221_125722-25xxzgqk
wandb: Run `wandb offline` to turn off syncing.
wandb: Syncing run sandy-sweep-13
wandb: ‚≠êÔ∏è View project at https://wandb.ai/rcpaffenroth-wpi/test
wandb: üßπ View sweep at https://wandb.ai/rcpaffenroth-wpi/test/sweeps/m0dgh35y
wandb: üöÄ View run at https://wandb.ai/rcpaffenroth-wpi/test/runs/25xxzgqk
['print_arg.py', '--data_name=EMlocalization', '--model_yaml=model_yaml/Variable_Sparsity0.yml', '--sweep_id=1']
wandb: - 0.003 MB of 0.004 MB uploaded2025-02-21 12:57:26,707 - wandb.wandb_agent - INFO - Running runs: ['25xxzgqk']
wandb:                                                                                
wandb: üöÄ View run sandy-sweep-13 at: https://wandb.ai/rcpaffenroth-wpi/test/runs/25xxzgqk
wandb: ‚≠êÔ∏è View project at: https://wandb.ai/rcpaffenroth-wpi/test
wandb: Synced 5 W&B file(s), 0 media file(s), 0 artifact file(s) and 0 other file(s)
wandb: Find logs at: ./wandb/run-20250221_125722-25xxzgqk/logs
wandb: WARNING The legacy backend is deprecated. In future versions, `wandb-core` will become the sole backend service, and the `wandb.require('legacy-service')` flag will be removed. For more information, visit https://wandb.me/wandb-core
2025-02-21 12:57:31,776 - wandb.wandb_agent - INFO - Cleaning up finished run: 25xxzgqk
2025-02-21 12:57:31,948 - wandb.wandb_agent - INFO - Agent received command: run
2025-02-21 12:57:31,949 - wandb.wandb_agent - INFO - Agent starting run with config:
	data_name: EMlocalization
	model_yaml: model_yaml/Variable_Sparsity0.yml
	sweep_id: 2
2025-02-21 12:57:31,949 - wandb.wandb_agent - INFO - About to run command: /usr/bin/env python print_arg.py --data_name=EMlocalization --model_yaml=model_yaml/Variable_Sparsity0.yml --sweep_id=2
wandb: Currently logged in as: rcpaffenroth (rcpaffenroth-wpi) to https://api.wandb.ai. Use `wandb login --relogin` to force relogin
wandb: Tracking run with wandb version 0.19.7
wandb: Run data is saved locally in /home/rcpaffenroth/projects/0_core/rcp_wandb/tests/wandb/run-20250221_125733-pey5zzro
wandb: Run `wandb offline` to turn off syncing.
wandb: Syncing run woven-sweep-14
wandb: ‚≠êÔ∏è View project at https://wandb.ai/rcpaffenroth-wpi/test
wandb: üßπ View sweep at https://wandb.ai/rcpaffenroth-wpi/test/sweeps/m0dgh35y
wandb: üöÄ View run at https://wandb.ai/rcpaffenroth-wpi/test/runs/pey5zzro
['print_arg.py', '--data_name=EMlocalization', '--model_yaml=model_yaml/Variable_Sparsity0.yml', '--sweep_id=2']
wandb: - 0.003 MB of 0.003 MB uploadedwandb:                                                                                
wandb: üöÄ View run woven-sweep-14 at: https://wandb.ai/rcpaffenroth-wpi/test/runs/pey5zzro
wandb: ‚≠êÔ∏è View project at: https://wandb.ai/rcpaffenroth-wpi/test
wandb: Synced 5 W&B file(s), 0 media file(s), 0 artifact file(s) and 0 other file(s)
wandb: Find logs at: ./wandb/run-20250221_125733-pey5zzro/logs
wandb: WARNING The legacy backend is deprecated. In future versions, `wandb-core` will become the sole backend service, and the `wandb.require('legacy-service')` flag will be removed. For more information, visit https://wandb.me/wandb-core
2025-02-21 12:57:36,960 - wandb.wandb_agent - INFO - Running runs: ['pey5zzro']
2025-02-21 12:57:42,018 - wandb.wandb_agent - INFO - Cleaning up finished run: pey5zzro
wandb: ERROR Error while calling W&B API: could not find agent vqydp6ms during agentHeartbeat (<Response [404]>)
wandb: Terminating and syncing runs. Press ctrl-c to kill.
Traceback (most recent call last):
  File "/home/rcpaffenroth/projects/0_core/rcp_wandb/venv/lib/python3.10/site-packages/wandb/sdk/internal/internal_api.py", line 3144, in agent_heartbeat
    response = self.gql(
  File "/home/rcpaffenroth/projects/0_core/rcp_wandb/venv/lib/python3.10/site-packages/wandb/sdk/internal/internal_api.py", line 370, in gql
    ret = self._retry_gql(
  File "/home/rcpaffenroth/projects/0_core/rcp_wandb/venv/lib/python3.10/site-packages/wandb/sdk/lib/retry.py", line 134, in __call__
    result = self._call_fn(*args, **kwargs)
  File "/home/rcpaffenroth/projects/0_core/rcp_wandb/venv/lib/python3.10/site-packages/wandb/sdk/internal/internal_api.py", line 398, in execute
    return self.client.execute(*args, **kwargs)  # type: ignore
  File "/home/rcpaffenroth/projects/0_core/rcp_wandb/venv/lib/python3.10/site-packages/wandb/vendor/gql-0.2.0/wandb_gql/client.py", line 52, in execute
    result = self._get_result(document, *args, **kwargs)
  File "/home/rcpaffenroth/projects/0_core/rcp_wandb/venv/lib/python3.10/site-packages/wandb/vendor/gql-0.2.0/wandb_gql/client.py", line 60, in _get_result
    return self.transport.execute(document, *args, **kwargs)
  File "/home/rcpaffenroth/projects/0_core/rcp_wandb/venv/lib/python3.10/site-packages/wandb/sdk/lib/gql_request.py", line 59, in execute
    request.raise_for_status()
  File "/home/rcpaffenroth/projects/0_core/rcp_wandb/venv/lib/python3.10/site-packages/requests/models.py", line 1024, in raise_for_status
    raise HTTPError(http_error_msg, response=self)
requests.exceptions.HTTPError: 404 Client Error: Not Found for url: https://api.wandb.ai/graphql

During handling of the above exception, another exception occurred:

Traceback (most recent call last):
  File "/home/rcpaffenroth/projects/0_core/rcp_wandb/venv/bin/wandb", line 8, in <module>
    sys.exit(cli())
  File "/home/rcpaffenroth/projects/0_core/rcp_wandb/venv/lib/python3.10/site-packages/click/core.py", line 1161, in __call__
    return self.main(*args, **kwargs)
  File "/home/rcpaffenroth/projects/0_core/rcp_wandb/venv/lib/python3.10/site-packages/click/core.py", line 1082, in main
    rv = self.invoke(ctx)
  File "/home/rcpaffenroth/projects/0_core/rcp_wandb/venv/lib/python3.10/site-packages/click/core.py", line 1697, in invoke
    return _process_result(sub_ctx.command.invoke(sub_ctx))
  File "/home/rcpaffenroth/projects/0_core/rcp_wandb/venv/lib/python3.10/site-packages/click/core.py", line 1443, in invoke
    return ctx.invoke(self.callback, **ctx.params)
  File "/home/rcpaffenroth/projects/0_core/rcp_wandb/venv/lib/python3.10/site-packages/click/core.py", line 788, in invoke
    return __callback(*args, **kwargs)
  File "/home/rcpaffenroth/projects/0_core/rcp_wandb/venv/lib/python3.10/site-packages/click/decorators.py", line 33, in new_func
    return f(get_current_context(), *args, **kwargs)
  File "/home/rcpaffenroth/projects/0_core/rcp_wandb/venv/lib/python3.10/site-packages/wandb/cli/cli.py", line 104, in wrapper
    return func(*args, **kwargs)
  File "/home/rcpaffenroth/projects/0_core/rcp_wandb/venv/lib/python3.10/site-packages/wandb/cli/cli.py", line 1676, in agent
    wandb_agent.agent(sweep_id, entity=entity, project=project, count=count)
  File "/home/rcpaffenroth/projects/0_core/rcp_wandb/venv/lib/python3.10/site-packages/wandb/wandb_agent.py", line 567, in agent
    return run_agent(
  File "/home/rcpaffenroth/projects/0_core/rcp_wandb/venv/lib/python3.10/site-packages/wandb/wandb_agent.py", line 526, in run_agent
    agent.run()
  File "/home/rcpaffenroth/projects/0_core/rcp_wandb/venv/lib/python3.10/site-packages/wandb/wandb_agent.py", line 280, in run
    commands = self._api.agent_heartbeat(agent_id, {}, run_status)
  File "/home/rcpaffenroth/projects/0_core/rcp_wandb/venv/lib/python3.10/site-packages/wandb/apis/internal.py", line 161, in agent_heartbeat
    return self.api.agent_heartbeat(*args, **kwargs)
  File "/home/rcpaffenroth/projects/0_core/rcp_wandb/venv/lib/python3.10/site-packages/wandb/sdk/internal/internal_api.py", line 3155, in agent_heartbeat
    message = ast.literal_eval(e.args[0])["message"]
  File "/home/rcpaffenroth/minimamba/lib/python3.10/ast.py", line 64, in literal_eval
    node_or_string = parse(node_or_string.lstrip(" \t"), mode='eval')
  File "/home/rcpaffenroth/minimamba/lib/python3.10/ast.py", line 50, in parse
    return compile(source, filename, mode, flags,
  File "<unknown>", line 1
    404 Client Error: Not Found for url: https://api.wandb.ai/graphql
        ^^^^^^
SyntaxError: invalid syntax
